#
# There is insufficient memory for the Java Runtime Environment to continue.
# Native memory allocation (malloc) failed to allocate 1888656 bytes. Error detail: Chunk::new
# Possible reasons:
#   The system is out of physical RAM or swap space
#   This process is running with CompressedOops enabled, and the Java Heap may be blocking the growth of the native heap
# Possible solutions:
#   Reduce memory load on the system
#   Increase physical memory or swap space
#   Check if swap backing store is full
#   Decrease Java heap size (-Xmx/-Xms)
#   Decrease number of Java threads
#   Decrease Java thread stack sizes (-Xss)
#   Set larger code cache with -XX:ReservedCodeCacheSize=
#   JVM is running with Unscaled Compressed Oops mode in which the Java heap is
#     placed in the first 4GB address space. The Java Heap base address is the
#     maximum limit for the native heap growth. Please use -XX:HeapBaseMinAddress
#     to set the Java Heap base and to place the Java Heap above 4GB virtual address.
# This output file may be truncated or incomplete.
#
#  Out of Memory Error (arena.cpp:168), pid=23488, tid=18104
#
# JRE version: OpenJDK Runtime Environment Temurin-21.0.6+7 (21.0.6+7) (build 21.0.6+7-LTS)
# Java VM: OpenJDK 64-Bit Server VM Temurin-21.0.6+7 (21.0.6+7-LTS, mixed mode, sharing, tiered, compressed oops, compressed class ptrs, parallel gc, windows-amd64)
# No core dump will be written. Minidumps are not enabled by default on client versions of Windows
#

---------------  S U M M A R Y ------------

Command Line: --add-modules=ALL-SYSTEM --add-opens=java.base/java.util=ALL-UNNAMED --add-opens=java.base/java.lang=ALL-UNNAMED --add-opens=java.base/sun.nio.fs=ALL-UNNAMED -Declipse.application=org.eclipse.jdt.ls.core.id1 -Dosgi.bundles.defaultStartLevel=4 -Declipse.product=org.eclipse.jdt.ls.core.product -Djava.import.generatesMetadataFilesAtProjectRoot=false -DDetectVMInstallationsJob.disabled=true -Dfile.encoding=utf8 -XX:+UseParallelGC -XX:GCTimeRatio=4 -XX:AdaptiveSizePolicyWeight=90 -Dsun.zip.disableMemoryMapping=true -Xmx1G -Xms100m -Xlog:disable -javaagent:c:\Users\MSI\.vscode\extensions\redhat.java-1.40.0-win32-x64\lombok\lombok-1.18.36.jar -XX:+HeapDumpOnOutOfMemoryError -XX:HeapDumpPath=c:\Users\MSI\AppData\Roaming\Code\User\workspaceStorage\07e7583bf82c343ba1527e63cd3b9d64\redhat.java -Daether.dependencyCollector.impl=bf c:\Users\MSI\.vscode\extensions\redhat.java-1.40.0-win32-x64\server\plugins\org.eclipse.equinox.launcher_1.6.1000.v20250131-0606.jar -configuration c:\Users\MSI\AppData\Roaming\Code\User\globalStorage\redhat.java\1.40.0\config_win -data c:\Users\MSI\AppData\Roaming\Code\User\workspaceStorage\07e7583bf82c343ba1527e63cd3b9d64\redhat.java\jdt_ws --pipe=\\.\pipe\lsp-37f02eaf0d500c6ae493efcf1e19abd9-sock

Host: 12th Gen Intel(R) Core(TM) i5-1235U, 12 cores, 15G,  Windows 11 , 64 bit Build 26100 (10.0.26100.3323)
Time: Tue Mar 11 11:36:05 2025 Greenwich elapsed time: 28.978799 seconds (0d 0h 0m 28s)

---------------  T H R E A D  ---------------

Current thread (0x0000028e8a131970):  JavaThread "C2 CompilerThread2" daemon [_thread_in_native, id=18104, stack(0x000000c45a600000,0x000000c45a700000) (1024K)]


Current CompileTask:
C2:28979 8858       4       org.lombokweb.asm.SymbolTable::<init> (536 bytes)

Stack: [0x000000c45a600000,0x000000c45a700000]
Native frames: (J=compiled Java code, j=interpreted, Vv=VM code, C=native code)
V  [jvm.dll+0x6cdee9]
V  [jvm.dll+0x8a83d1]
V  [jvm.dll+0x8aa8fe]
V  [jvm.dll+0x8aafe3]
V  [jvm.dll+0x27f706]
V  [jvm.dll+0xc500d]
V  [jvm.dll+0xc5543]
V  [jvm.dll+0x3b6752]
V  [jvm.dll+0x382935]
V  [jvm.dll+0x381d9a]
V  [jvm.dll+0x2479f0]
V  [jvm.dll+0x246fcf]
V  [jvm.dll+0x1c75ee]
V  [jvm.dll+0x25685a]
V  [jvm.dll+0x254dfa]
V  [jvm.dll+0x3f0256]
V  [jvm.dll+0x851f8b]
V  [jvm.dll+0x6cc5ed]
C  [ucrtbase.dll+0x37b0]
C  [KERNEL32.DLL+0x2e8d7]
C  [ntdll.dll+0xbbf6c]


---------------  P R O C E S S  ---------------

Threads class SMR info:
_java_thread_list=0x0000028e89f897f0, length=59, elements={
0x0000028e2ba01420, 0x0000028e2baa4400, 0x0000028e406bd370, 0x0000028e2bab0570,
0x0000028e2bab3040, 0x0000028e2bab43c0, 0x0000028e2bab8c20, 0x0000028e2babe740,
0x0000028e2babd8c0, 0x0000028e82cee330, 0x0000028e82cef050, 0x0000028e82cf1120,
0x0000028e82cef6e0, 0x0000028e82cefd70, 0x0000028e82cee9c0, 0x0000028e82cf0400,
0x0000028e82cf0a90, 0x0000028e88c36440, 0x0000028e88c36ad0, 0x0000028e88c33650,
0x0000028e88c34a00, 0x0000028e88c37160, 0x0000028e88c33ce0, 0x0000028e88c34370,
0x0000028e88c35db0, 0x0000028e88c35720, 0x0000028e88c377f0, 0x0000028e88c37e80,
0x0000028e88c35090, 0x0000028e88c398c0, 0x0000028e88c39f50, 0x0000028e88c3a5e0,
0x0000028e88c38510, 0x0000028e88c3ac70, 0x0000028e88c38ba0, 0x0000028e88c39230,
0x0000028e8c44dd00, 0x0000028e8c44e390, 0x0000028e8c44f0b0, 0x0000028e8c44d670,
0x0000028e8c44c950, 0x0000028e8c44fdd0, 0x0000028e82cf17b0, 0x0000028e8c3e4410,
0x0000028e8c3e3d80, 0x0000028e8c3e5130, 0x0000028e8c3e57c0, 0x0000028e8c3e29d0,
0x0000028e8c3e2340, 0x0000028e8a130bd0, 0x0000028e8a131970, 0x0000028e8c3e3060,
0x0000028e8c3e6b70, 0x0000028e8c3e36f0, 0x0000028e8c3e7f20, 0x0000028e8c3e85b0,
0x0000028e8c3e8c40, 0x0000028e8c3e7200, 0x0000028e8c3e7890
}

Java Threads: ( => current thread )
  0x0000028e2ba01420 JavaThread "main"                              [_thread_blocked, id=824, stack(0x000000c458500000,0x000000c458600000) (1024K)]
  0x0000028e2baa4400 JavaThread "Reference Handler"          daemon [_thread_blocked, id=23704, stack(0x000000c458900000,0x000000c458a00000) (1024K)]
  0x0000028e406bd370 JavaThread "Finalizer"                  daemon [_thread_blocked, id=9212, stack(0x000000c458a00000,0x000000c458b00000) (1024K)]
  0x0000028e2bab0570 JavaThread "Signal Dispatcher"          daemon [_thread_blocked, id=9876, stack(0x000000c458b00000,0x000000c458c00000) (1024K)]
  0x0000028e2bab3040 JavaThread "Attach Listener"            daemon [_thread_blocked, id=18840, stack(0x000000c458c00000,0x000000c458d00000) (1024K)]
  0x0000028e2bab43c0 JavaThread "Service Thread"             daemon [_thread_blocked, id=2316, stack(0x000000c458d00000,0x000000c458e00000) (1024K)]
  0x0000028e2bab8c20 JavaThread "Monitor Deflation Thread"   daemon [_thread_blocked, id=6836, stack(0x000000c458e00000,0x000000c458f00000) (1024K)]
  0x0000028e2babe740 JavaThread "C2 CompilerThread0"         daemon [_thread_blocked, id=10520, stack(0x000000c458f00000,0x000000c459000000) (1024K)]
  0x0000028e2babd8c0 JavaThread "C1 CompilerThread0"         daemon [_thread_blocked, id=6020, stack(0x000000c459000000,0x000000c459100000) (1024K)]
  0x0000028e82cee330 JavaThread "Common-Cleaner"             daemon [_thread_blocked, id=4432, stack(0x000000c459100000,0x000000c459200000) (1024K)]
  0x0000028e82cef050 JavaThread "Notification Thread"        daemon [_thread_blocked, id=2252, stack(0x000000c459300000,0x000000c459400000) (1024K)]
  0x0000028e82cf1120 JavaThread "Active Thread: Equinox Container: d9dfb8c2-c06f-432f-97b1-933eab3e07df"        [_thread_blocked, id=21804, stack(0x000000c459b00000,0x000000c459c00000) (1024K)]
  0x0000028e82cef6e0 JavaThread "Refresh Thread: Equinox Container: d9dfb8c2-c06f-432f-97b1-933eab3e07df" daemon [_thread_blocked, id=19748, stack(0x000000c459c00000,0x000000c459d00000) (1024K)]
  0x0000028e82cefd70 JavaThread "Framework Event Dispatcher: Equinox Container: d9dfb8c2-c06f-432f-97b1-933eab3e07df" daemon [_thread_blocked, id=20712, stack(0x000000c459d00000,0x000000c459e00000) (1024K)]
  0x0000028e82cee9c0 JavaThread "Start Level: Equinox Container: d9dfb8c2-c06f-432f-97b1-933eab3e07df" daemon [_thread_blocked, id=19044, stack(0x000000c459f00000,0x000000c45a000000) (1024K)]
  0x0000028e82cf0400 JavaThread "Bundle File Closer"         daemon [_thread_blocked, id=3268, stack(0x000000c45a000000,0x000000c45a100000) (1024K)]
  0x0000028e82cf0a90 JavaThread "SCR Component Actor"        daemon [_thread_blocked, id=14424, stack(0x000000c45a300000,0x000000c45a400000) (1024K)]
  0x0000028e88c36440 JavaThread "Worker-JM"                         [_thread_blocked, id=6904, stack(0x000000c459400000,0x000000c459500000) (1024K)]
  0x0000028e88c36ad0 JavaThread "Worker-0: Building"                [_thread_blocked, id=23468, stack(0x000000c459200000,0x000000c459300000) (1024K)]
  0x0000028e88c33650 JavaThread "Worker-1"                          [_thread_blocked, id=2820, stack(0x000000c45a500000,0x000000c45a600000) (1024K)]
  0x0000028e88c34a00 JavaThread "Java indexing"              daemon [_thread_blocked, id=17828, stack(0x000000c45a700000,0x000000c45a800000) (1024K)]
  0x0000028e88c37160 JavaThread "Worker-2"                          [_thread_blocked, id=20944, stack(0x000000c45a900000,0x000000c45aa00000) (1024K)]
  0x0000028e88c33ce0 JavaThread "Worker-3"                          [_thread_blocked, id=22452, stack(0x000000c45aa00000,0x000000c45ab00000) (1024K)]
  0x0000028e88c34370 JavaThread "JNA Cleaner"                daemon [_thread_blocked, id=21496, stack(0x000000c45ab00000,0x000000c45ac00000) (1024K)]
  0x0000028e88c35db0 JavaThread "Worker-4"                          [_thread_blocked, id=6124, stack(0x000000c45ae00000,0x000000c45af00000) (1024K)]
  0x0000028e88c35720 JavaThread "Worker-5: Publish Diagnostics"        [_thread_blocked, id=13024, stack(0x000000c45af00000,0x000000c45b000000) (1024K)]
  0x0000028e88c377f0 JavaThread "Thread-2"                   daemon [_thread_in_native, id=9200, stack(0x000000c45b000000,0x000000c45b100000) (1024K)]
  0x0000028e88c37e80 JavaThread "Thread-3"                   daemon [_thread_in_native, id=16876, stack(0x000000c45b100000,0x000000c45b200000) (1024K)]
  0x0000028e88c35090 JavaThread "Thread-4"                   daemon [_thread_in_native, id=17684, stack(0x000000c45b200000,0x000000c45b300000) (1024K)]
  0x0000028e88c398c0 JavaThread "Thread-5"                   daemon [_thread_in_native, id=2528, stack(0x000000c45b300000,0x000000c45b400000) (1024K)]
  0x0000028e88c39f50 JavaThread "Thread-6"                   daemon [_thread_in_native, id=3940, stack(0x000000c45b400000,0x000000c45b500000) (1024K)]
  0x0000028e88c3a5e0 JavaThread "Thread-7"                   daemon [_thread_in_native, id=23156, stack(0x000000c45b500000,0x000000c45b600000) (1024K)]
  0x0000028e88c38510 JavaThread "Thread-8"                   daemon [_thread_in_native, id=14476, stack(0x000000c45b600000,0x000000c45b700000) (1024K)]
  0x0000028e88c3ac70 JavaThread "Thread-9"                   daemon [_thread_in_native, id=3100, stack(0x000000c45b700000,0x000000c45b800000) (1024K)]
  0x0000028e88c38ba0 JavaThread "Thread-10"                  daemon [_thread_in_native, id=15280, stack(0x000000c45b800000,0x000000c45b900000) (1024K)]
  0x0000028e88c39230 JavaThread "Thread-11"                  daemon [_thread_in_native, id=14520, stack(0x000000c45b900000,0x000000c45ba00000) (1024K)]
  0x0000028e8c44dd00 JavaThread "Thread-12"                  daemon [_thread_in_native, id=22592, stack(0x000000c45ba00000,0x000000c45bb00000) (1024K)]
  0x0000028e8c44e390 JavaThread "Thread-13"                  daemon [_thread_in_native, id=15852, stack(0x000000c45bb00000,0x000000c45bc00000) (1024K)]
  0x0000028e8c44f0b0 JavaThread "Thread-14"                  daemon [_thread_in_native, id=23940, stack(0x000000c45bc00000,0x000000c45bd00000) (1024K)]
  0x0000028e8c44d670 JavaThread "pool-2-thread-1"                   [_thread_blocked, id=22064, stack(0x000000c45bd00000,0x000000c45be00000) (1024K)]
  0x0000028e8c44c950 JavaThread "WorkspaceEventsHandler"            [_thread_blocked, id=13840, stack(0x000000c45bf00000,0x000000c45c000000) (1024K)]
  0x0000028e8c44fdd0 JavaThread "pool-1-thread-1"                   [_thread_blocked, id=8460, stack(0x000000c45c000000,0x000000c45c100000) (1024K)]
  0x0000028e82cf17b0 JavaThread "ForkJoinPool.commonPool-worker-1" daemon [_thread_blocked, id=3564, stack(0x000000c45c100000,0x000000c45c200000) (1024K)]
  0x0000028e8c3e4410 JavaThread "Compiler Source File Reader" daemon [_thread_blocked, id=18440, stack(0x000000c45c200000,0x000000c45c300000) (1024K)]
  0x0000028e8c3e3d80 JavaThread "ForkJoinPool.commonPool-worker-2" daemon [_thread_blocked, id=7296, stack(0x000000c45c300000,0x000000c45c400000) (1024K)]
  0x0000028e8c3e5130 JavaThread "ForkJoinPool.commonPool-worker-3" daemon [_thread_blocked, id=2136, stack(0x000000c45c400000,0x000000c45c500000) (1024K)]
  0x0000028e8c3e57c0 JavaThread "ForkJoinPool.commonPool-worker-4" daemon [_thread_blocked, id=6524, stack(0x000000c45c500000,0x000000c45c600000) (1024K)]
  0x0000028e8c3e29d0 JavaThread "Compiler Processing Task"   daemon [_thread_blocked, id=22704, stack(0x000000c45c600000,0x000000c45c700000) (1024K)]
  0x0000028e8c3e2340 JavaThread "Compiler Class File Writer" daemon [_thread_blocked, id=10408, stack(0x000000c45c700000,0x000000c45c800000) (1024K)]
  0x0000028e8a130bd0 JavaThread "C2 CompilerThread1"         daemon [_thread_blocked, id=16164, stack(0x000000c45a400000,0x000000c45a500000) (1024K)]
=>0x0000028e8a131970 JavaThread "C2 CompilerThread2"         daemon [_thread_in_native, id=18104, stack(0x000000c45a600000,0x000000c45a700000) (1024K)]
  0x0000028e8c3e3060 JavaThread "ForkJoinPool.commonPool-worker-5" daemon [_thread_blocked, id=11952, stack(0x000000c45a800000,0x000000c45a900000) (1024K)]
  0x0000028e8c3e6b70 JavaThread "ForkJoinPool.commonPool-worker-6" daemon [_thread_blocked, id=11040, stack(0x000000c45c800000,0x000000c45c900000) (1024K)]
  0x0000028e8c3e36f0 JavaThread "ForkJoinPool.commonPool-worker-7" daemon [_thread_blocked, id=17496, stack(0x000000c45c900000,0x000000c45ca00000) (1024K)]
  0x0000028e8c3e7f20 JavaThread "ForkJoinPool.commonPool-worker-8" daemon [_thread_blocked, id=9864, stack(0x000000c45ca00000,0x000000c45cb00000) (1024K)]
  0x0000028e8c3e85b0 JavaThread "ForkJoinPool.commonPool-worker-9" daemon [_thread_blocked, id=2864, stack(0x000000c45cb00000,0x000000c45cc00000) (1024K)]
  0x0000028e8c3e8c40 JavaThread "ForkJoinPool.commonPool-worker-10" daemon [_thread_blocked, id=21116, stack(0x000000c45cc00000,0x000000c45cd00000) (1024K)]
  0x0000028e8c3e7200 JavaThread "ForkJoinPool.commonPool-worker-11" daemon [_thread_blocked, id=6724, stack(0x000000c45cd00000,0x000000c45ce00000) (1024K)]
  0x0000028e8c3e7890 JavaThread "Thread-15"                  daemon [_thread_in_vm, id=17012, stack(0x000000c45ce00000,0x000000c45cf00000) (1024K)]
Total: 59

Other Threads:
  0x0000028e29f82610 VMThread "VM Thread"                           [id=7672, stack(0x000000c458800000,0x000000c458900000) (1024K)] _threads_hazard_ptr=0x0000028e89f897f0
  0x0000028e4059ca00 WatcherThread "VM Periodic Task Thread"        [id=17796, stack(0x000000c458700000,0x000000c458800000) (1024K)]
  0x0000028e29f82270 WorkerThread "GC Thread#0"                     [id=4284, stack(0x000000c458600000,0x000000c458700000) (1024K)]
  0x0000028e29f813f0 WorkerThread "GC Thread#1"                     [id=7752, stack(0x000000c459500000,0x000000c459600000) (1024K)]
  0x0000028e29f82d50 WorkerThread "GC Thread#2"                     [id=19136, stack(0x000000c459600000,0x000000c459700000) (1024K)]
  0x0000028e8804cba0 WorkerThread "GC Thread#3"                     [id=9396, stack(0x000000c459700000,0x000000c459800000) (1024K)]
  0x0000028e88049540 WorkerThread "GC Thread#4"                     [id=14080, stack(0x000000c459800000,0x000000c459900000) (1024K)]
  0x0000028e8804b5e0 WorkerThread "GC Thread#5"                     [id=16844, stack(0x000000c459900000,0x000000c459a00000) (1024K)]
  0x0000028e8804cf40 WorkerThread "GC Thread#6"                     [id=9476, stack(0x000000c459a00000,0x000000c459b00000) (1024K)]
  0x0000028e8804aea0 WorkerThread "GC Thread#7"                     [id=17296, stack(0x000000c459e00000,0x000000c459f00000) (1024K)]
  0x0000028e8804a3c0 WorkerThread "GC Thread#8"                     [id=15916, stack(0x000000c45a100000,0x000000c45a200000) (1024K)]
  0x0000028e8804a760 WorkerThread "GC Thread#9"                     [id=1824, stack(0x000000c45a200000,0x000000c45a300000) (1024K)]
Total: 12

Threads with active compile tasks:
C2 CompilerThread2  28997 8858       4       org.lombokweb.asm.SymbolTable::<init> (536 bytes)
Total: 1

VM state: synchronizing (normal execution)

VM Mutex/Monitor currently owned by a thread:  ([mutex/lock_event])
[0x00007ffeee6be380] Threads_lock - owner thread: 0x0000028e29f82610
[0x00007ffeee6be480] Heap_lock - owner thread: 0x0000028e8c3e7890
[0x00007ffeee6be900] PSOldGenExpand_lock - owner thread: 0x0000028e8c3e7890

Heap address: 0x00000000c0000000, size: 1024 MB, Compressed Oops mode: 32-bit

CDS archive(s) mapped at: [0x0000028e41000000-0x0000028e41ba0000-0x0000028e41ba0000), size 12189696, SharedBaseAddress: 0x0000028e41000000, ArchiveRelocationMode: 1.
Compressed class space mapped at: 0x0000028e42000000-0x0000028e82000000, reserved size: 1073741824
Narrow klass base: 0x0000028e41000000, Narrow klass shift: 0, Narrow klass range: 0x100000000

GC Precious Log:
 CardTable entry size: 512
 CPUs: 12 total, 12 available
 Memory: 16087M
 Large Page Support: Disabled
 NUMA Support: Disabled
 Compressed Oops: Enabled (32-bit)
 Alignments: Space 512K, Generation 512K, Heap 2M
 Heap Min Capacity: 100M
 Heap Initial Capacity: 100M
 Heap Max Capacity: 1G
 Pre-touch: Disabled
 Parallel Workers: 10

Heap:
 PSYoungGen      total 6656K, used 6480K [0x00000000eab00000, 0x00000000eb480000, 0x0000000100000000)
  eden space 6144K, 99% used [0x00000000eab00000,0x00000000eb0ffff0,0x00000000eb100000)
  from space 512K, 65% used [0x00000000eb400000,0x00000000eb454010,0x00000000eb480000)
  to   space 1536K, 0% used [0x00000000eb180000,0x00000000eb180000,0x00000000eb300000)
 ParOldGen       total 459264K, used 458095K [0x00000000c0000000, 0x00000000dc080000, 0x00000000eab00000)
  object space 459264K, 99% used [0x00000000c0000000,0x00000000dbf5bfe0,0x00000000dc080000)
 Metaspace       used 64674K, committed 66176K, reserved 1114112K
  class space    used 6930K, committed 7552K, reserved 1048576K

Card table byte_map: [0x0000028e3df50000,0x0000028e3e160000] _byte_map_base: 0x0000028e3d950000

Marking Bits: (ParMarkBitMap*) 0x00007ffeee6c3260
 Begin Bits: [0x0000028e3e2c0000, 0x0000028e3f2c0000)
 End Bits:   [0x0000028e3f2c0000, 0x0000028e402c0000)

Polling page: 0x0000028e29f60000

Metaspace:

Usage:
  Non-class:     56.39 MB used.
      Class:      6.77 MB used.
       Both:     63.16 MB used.

Virtual space:
  Non-class space:       64.00 MB reserved,      57.25 MB ( 89%) committed,  1 nodes.
      Class space:        1.00 GB reserved,       7.38 MB ( <1%) committed,  1 nodes.
             Both:        1.06 GB reserved,      64.62 MB (  6%) committed. 

Chunk freelists:
   Non-Class:  6.70 MB
       Class:  8.56 MB
        Both:  15.26 MB

MaxMetaspaceSize: unlimited
CompressedClassSpaceSize: 1.00 GB
Initial GC threshold: 21.00 MB
Current GC threshold: 99.00 MB
CDS: on
 - commit_granule_bytes: 65536.
 - commit_granule_words: 8192.
 - virtual_space_node_default_size: 8388608.
 - enlarge_chunks_in_place: 1.
 - use_allocation_guard: 0.


Internal statistics:

num_allocs_failed_limit: 19.
num_arena_births: 1018.
num_arena_deaths: 16.
num_vsnodes_births: 2.
num_vsnodes_deaths: 0.
num_space_committed: 1034.
num_space_uncommitted: 0.
num_chunks_returned_to_freelist: 35.
num_chunks_taken_from_freelist: 3860.
num_chunk_merges: 12.
num_chunk_splits: 2377.
num_chunks_enlarged: 1325.
num_inconsistent_stats: 0.

CodeHeap 'non-profiled nmethods': size=120000Kb used=6267Kb max_used=6267Kb free=113732Kb
 bounds [0x0000028e36840000, 0x0000028e36e60000, 0x0000028e3dd70000]
CodeHeap 'profiled nmethods': size=120000Kb used=16288Kb max_used=16288Kb free=103712Kb
 bounds [0x0000028e2ed70000, 0x0000028e2fd60000, 0x0000028e362a0000]
CodeHeap 'non-nmethods': size=5760Kb used=1470Kb max_used=1552Kb free=4290Kb
 bounds [0x0000028e362a0000, 0x0000028e36510000, 0x0000028e36840000]
 total_blobs=8809 nmethods=8019 adapters=696
 compilation: enabled
              stopped_count=0, restarted_count=0
 full_count=0

Compilation events (20 events):
Event: 27.820 Thread 0x0000028e2babd8c0 8866       1       org.eclipse.lsp4j.jsonrpc.RemoteEndpoint::getJsonHandler (5 bytes)
Event: 27.820 Thread 0x0000028e2babd8c0 nmethod 8866 0x0000028e36e53390 code [0x0000028e36e53520, 0x0000028e36e535e8]
Event: 27.834 Thread 0x0000028e8a130bd0 nmethod 8822 0x0000028e36e53690 code [0x0000028e36e53920, 0x0000028e36e54eb8]
Event: 27.834 Thread 0x0000028e8a130bd0 8856       4       java.util.zip.CRC32::update (38 bytes)
Event: 27.837 Thread 0x0000028e8a130bd0 nmethod 8856 0x0000028e36e55f10 code [0x0000028e36e560a0, 0x0000028e36e56288]
Event: 27.838 Thread 0x0000028e8a130bd0 8857       4       java.util.zip.CRC32::updateBytesCheck (35 bytes)
Event: 27.839 Thread 0x0000028e8a130bd0 nmethod 8857 0x0000028e36e56490 code [0x0000028e36e56620, 0x0000028e36e56720]
Event: 27.839 Thread 0x0000028e8a130bd0 8842       4       java.lang.invoke.Invokers$Holder::linkToTargetMethod (10 bytes)
Event: 27.841 Thread 0x0000028e8a130bd0 nmethod 8842 0x0000028e36e56810 code [0x0000028e36e569a0, 0x0000028e36e56aa0]
Event: 27.841 Thread 0x0000028e8a130bd0 8859       4       java.io.FilterInputStream::read (9 bytes)
Event: 27.848 Thread 0x0000028e2babe740 nmethod 8823 0x0000028e36e56b90 code [0x0000028e36e56e40, 0x0000028e36e58050]
Event: 27.848 Thread 0x0000028e2babe740 8860       4       java.util.zip.GZIPInputStream::read (65 bytes)
Event: 27.885 Thread 0x0000028e8a130bd0 nmethod 8859 0x0000028e36e58d90 code [0x0000028e36e59040, 0x0000028e36e5a6a8]
Event: 27.885 Thread 0x0000028e8a130bd0 8843       4       java.util.LinkedList$ListItr::hasNext (20 bytes)
Event: 27.886 Thread 0x0000028e8a130bd0 nmethod 8843 0x0000028e36e5b490 code [0x0000028e36e5b620, 0x0000028e36e5b6d0]
Event: 27.886 Thread 0x0000028e8a130bd0 8788       4       jdk.internal.org.objectweb.asm.ByteVector::putByteArray (49 bytes)
Event: 27.887 Thread 0x0000028e2babe740 nmethod 8860 0x0000028e36e5b790 code [0x0000028e36e5ba40, 0x0000028e36e5d4a0]
Event: 27.889 Thread 0x0000028e8a130bd0 nmethod 8788 0x0000028e36e5e390 code [0x0000028e36e5e520, 0x0000028e36e5e6b0]
Event: 27.890 Thread 0x0000028e8a130bd0 8805   !   4       java.util.zip.Inflater::needsDictionary (19 bytes)
Event: 27.892 Thread 0x0000028e8a130bd0 nmethod 8805 0x0000028e36e5e810 code [0x0000028e36e5e9a0, 0x0000028e36e5eba0]

GC Heap History (20 events):
Event: 27.333 GC heap before
{Heap before GC invocations=252 (full 3):
 PSYoungGen      total 3072K, used 2996K [0x00000000eab00000, 0x00000000eaf80000, 0x0000000100000000)
  eden space 2048K, 100% used [0x00000000eab00000,0x00000000ead00000,0x00000000ead00000)
  from space 1024K, 92% used [0x00000000eae00000,0x00000000eaeed330,0x00000000eaf00000)
  to   space 1024K, 0% used [0x00000000ead00000,0x00000000ead00000,0x00000000eae00000)
 ParOldGen       total 402432K, used 402350K [0x00000000c0000000, 0x00000000d8900000, 0x00000000eab00000)
  object space 402432K, 99% used [0x00000000c0000000,0x00000000d88ebbb0,0x00000000d8900000)
 Metaspace       used 63817K, committed 65152K, reserved 1114112K
  class space    used 6821K, committed 7360K, reserved 1048576K
}
Event: 27.336 GC heap after
{Heap after GC invocations=252 (full 3):
 PSYoungGen      total 3072K, used 992K [0x00000000eab00000, 0x00000000eb480000, 0x0000000100000000)
  eden space 2048K, 0% used [0x00000000eab00000,0x00000000eab00000,0x00000000ead00000)
  from space 1024K, 96% used [0x00000000ead00000,0x00000000eadf82c0,0x00000000eae00000)
  to   space 3584K, 0% used [0x00000000eb100000,0x00000000eb100000,0x00000000eb480000)
 ParOldGen       total 404480K, used 404211K [0x00000000c0000000, 0x00000000d8b00000, 0x00000000eab00000)
  object space 404480K, 99% used [0x00000000c0000000,0x00000000d8abcee0,0x00000000d8b00000)
 Metaspace       used 63817K, committed 65152K, reserved 1114112K
  class space    used 6821K, committed 7360K, reserved 1048576K
}
Event: 27.341 GC heap before
{Heap before GC invocations=253 (full 3):
 PSYoungGen      total 3072K, used 3040K [0x00000000eab00000, 0x00000000eb480000, 0x0000000100000000)
  eden space 2048K, 100% used [0x00000000eab00000,0x00000000ead00000,0x00000000ead00000)
  from space 1024K, 96% used [0x00000000ead00000,0x00000000eadf82c0,0x00000000eae00000)
  to   space 3584K, 0% used [0x00000000eb100000,0x00000000eb100000,0x00000000eb480000)
 ParOldGen       total 404480K, used 404211K [0x00000000c0000000, 0x00000000d8b00000, 0x00000000eab00000)
  object space 404480K, 99% used [0x00000000c0000000,0x00000000d8abcee0,0x00000000d8b00000)
 Metaspace       used 63817K, committed 65152K, reserved 1114112K
  class space    used 6821K, committed 7360K, reserved 1048576K
}
Event: 27.346 GC heap after
{Heap after GC invocations=253 (full 3):
 PSYoungGen      total 5120K, used 2208K [0x00000000eab00000, 0x00000000eb380000, 0x0000000100000000)
  eden space 2560K, 0% used [0x00000000eab00000,0x00000000eab00000,0x00000000ead80000)
  from space 2560K, 86% used [0x00000000eb100000,0x00000000eb328000,0x00000000eb380000)
  to   space 2560K, 0% used [0x00000000eae80000,0x00000000eae80000,0x00000000eb100000)
 ParOldGen       total 405504K, used 405244K [0x00000000c0000000, 0x00000000d8c00000, 0x00000000eab00000)
  object space 405504K, 99% used [0x00000000c0000000,0x00000000d8bbf1a0,0x00000000d8c00000)
 Metaspace       used 63817K, committed 65152K, reserved 1114112K
  class space    used 6821K, committed 7360K, reserved 1048576K
}
Event: 27.351 GC heap before
{Heap before GC invocations=254 (full 3):
 PSYoungGen      total 5120K, used 4697K [0x00000000eab00000, 0x00000000eb380000, 0x0000000100000000)
  eden space 2560K, 97% used [0x00000000eab00000,0x00000000ead6e540,0x00000000ead80000)
  from space 2560K, 86% used [0x00000000eb100000,0x00000000eb328000,0x00000000eb380000)
  to   space 2560K, 0% used [0x00000000eae80000,0x00000000eae80000,0x00000000eb100000)
 ParOldGen       total 405504K, used 405244K [0x00000000c0000000, 0x00000000d8c00000, 0x00000000eab00000)
  object space 405504K, 99% used [0x00000000c0000000,0x00000000d8bbf1a0,0x00000000d8c00000)
 Metaspace       used 63817K, committed 65152K, reserved 1114112K
  class space    used 6821K, committed 7360K, reserved 1048576K
}
Event: 27.356 GC heap after
{Heap after GC invocations=254 (full 3):
 PSYoungGen      total 5632K, used 2534K [0x00000000eab00000, 0x00000000eb800000, 0x0000000100000000)
  eden space 3072K, 0% used [0x00000000eab00000,0x00000000eab00000,0x00000000eae00000)
  from space 2560K, 98% used [0x00000000eae80000,0x00000000eb0f9890,0x00000000eb100000)
  to   space 5120K, 0% used [0x00000000eb300000,0x00000000eb300000,0x00000000eb800000)
 ParOldGen       total 407552K, used 407340K [0x00000000c0000000, 0x00000000d8e00000, 0x00000000eab00000)
  object space 407552K, 99% used [0x00000000c0000000,0x00000000d8dcb1a0,0x00000000d8e00000)
 Metaspace       used 63817K, committed 65152K, reserved 1114112K
  class space    used 6821K, committed 7360K, reserved 1048576K
}
Event: 27.368 GC heap before
{Heap before GC invocations=255 (full 3):
 PSYoungGen      total 5632K, used 5606K [0x00000000eab00000, 0x00000000eb800000, 0x0000000100000000)
  eden space 3072K, 100% used [0x00000000eab00000,0x00000000eae00000,0x00000000eae00000)
  from space 2560K, 98% used [0x00000000eae80000,0x00000000eb0f9890,0x00000000eb100000)
  to   space 5120K, 0% used [0x00000000eb300000,0x00000000eb300000,0x00000000eb800000)
 ParOldGen       total 407552K, used 407340K [0x00000000c0000000, 0x00000000d8e00000, 0x00000000eab00000)
  object space 407552K, 99% used [0x00000000c0000000,0x00000000d8dcb1a0,0x00000000d8e00000)
 Metaspace       used 63840K, committed 65216K, reserved 1114112K
  class space    used 6821K, committed 7360K, reserved 1048576K
}
Event: 27.372 GC heap after
{Heap after GC invocations=255 (full 3):
 PSYoungGen      total 8192K, used 3075K [0x00000000eab00000, 0x00000000eb700000, 0x0000000100000000)
  eden space 4096K, 0% used [0x00000000eab00000,0x00000000eab00000,0x00000000eaf00000)
  from space 4096K, 75% used [0x00000000eb300000,0x00000000eb600eb0,0x00000000eb700000)
  to   space 4096K, 0% used [0x00000000eaf00000,0x00000000eaf00000,0x00000000eb300000)
 ParOldGen       total 410112K, used 409669K [0x00000000c0000000, 0x00000000d9080000, 0x00000000eab00000)
  object space 410112K, 99% used [0x00000000c0000000,0x00000000d9011710,0x00000000d9080000)
 Metaspace       used 63840K, committed 65216K, reserved 1114112K
  class space    used 6821K, committed 7360K, reserved 1048576K
}
Event: 27.383 GC heap before
{Heap before GC invocations=256 (full 3):
 PSYoungGen      total 8192K, used 7171K [0x00000000eab00000, 0x00000000eb700000, 0x0000000100000000)
  eden space 4096K, 100% used [0x00000000eab00000,0x00000000eaf00000,0x00000000eaf00000)
  from space 4096K, 75% used [0x00000000eb300000,0x00000000eb600eb0,0x00000000eb700000)
  to   space 4096K, 0% used [0x00000000eaf00000,0x00000000eaf00000,0x00000000eb300000)
 ParOldGen       total 410112K, used 409669K [0x00000000c0000000, 0x00000000d9080000, 0x00000000eab00000)
  object space 410112K, 99% used [0x00000000c0000000,0x00000000d9011710,0x00000000d9080000)
 Metaspace       used 63840K, committed 65216K, reserved 1114112K
  class space    used 6821K, committed 7360K, reserved 1048576K
}
Event: 27.386 GC heap after
{Heap after GC invocations=256 (full 3):
 PSYoungGen      total 8192K, used 4076K [0x00000000eab00000, 0x00000000ebb00000, 0x0000000100000000)
  eden space 4096K, 0% used [0x00000000eab00000,0x00000000eab00000,0x00000000eaf00000)
  from space 4096K, 99% used [0x00000000eaf00000,0x00000000eb2fb390,0x00000000eb300000)
  to   space 5632K, 0% used [0x00000000eb580000,0x00000000eb580000,0x00000000ebb00000)
 ParOldGen       total 411136K, used 410757K [0x00000000c0000000, 0x00000000d9180000, 0x00000000eab00000)
  object space 411136K, 99% used [0x00000000c0000000,0x00000000d9121710,0x00000000d9180000)
 Metaspace       used 63840K, committed 65216K, reserved 1114112K
  class space    used 6821K, committed 7360K, reserved 1048576K
}
Event: 27.432 GC heap before
{Heap before GC invocations=257 (full 3):
 PSYoungGen      total 8192K, used 8172K [0x00000000eab00000, 0x00000000ebb00000, 0x0000000100000000)
  eden space 4096K, 100% used [0x00000000eab00000,0x00000000eaf00000,0x00000000eaf00000)
  from space 4096K, 99% used [0x00000000eaf00000,0x00000000eb2fb390,0x00000000eb300000)
  to   space 5632K, 0% used [0x00000000eb580000,0x00000000eb580000,0x00000000ebb00000)
 ParOldGen       total 411136K, used 410757K [0x00000000c0000000, 0x00000000d9180000, 0x00000000eab00000)
  object space 411136K, 99% used [0x00000000c0000000,0x00000000d9121710,0x00000000d9180000)
 Metaspace       used 63921K, committed 65344K, reserved 1114112K
  class space    used 6835K, committed 7424K, reserved 1048576K
}
Event: 27.435 GC heap after
{Heap after GC invocations=257 (full 3):
 PSYoungGen      total 7168K, used 1850K [0x00000000eab00000, 0x00000000eb780000, 0x0000000100000000)
  eden space 5120K, 0% used [0x00000000eab00000,0x00000000eab00000,0x00000000eb000000)
  from space 2048K, 90% used [0x00000000eb580000,0x00000000eb74eb08,0x00000000eb780000)
  to   space 3072K, 0% used [0x00000000eb180000,0x00000000eb180000,0x00000000eb480000)
 ParOldGen       total 414208K, used 413895K [0x00000000c0000000, 0x00000000d9480000, 0x00000000eab00000)
  object space 414208K, 99% used [0x00000000c0000000,0x00000000d9431d30,0x00000000d9480000)
 Metaspace       used 63921K, committed 65344K, reserved 1114112K
  class space    used 6835K, committed 7424K, reserved 1048576K
}
Event: 27.483 GC heap before
{Heap before GC invocations=258 (full 3):
 PSYoungGen      total 7168K, used 6899K [0x00000000eab00000, 0x00000000eb780000, 0x0000000100000000)
  eden space 5120K, 98% used [0x00000000eab00000,0x00000000eafee248,0x00000000eb000000)
  from space 2048K, 90% used [0x00000000eb580000,0x00000000eb74eb08,0x00000000eb780000)
  to   space 3072K, 0% used [0x00000000eb180000,0x00000000eb180000,0x00000000eb480000)
 ParOldGen       total 414208K, used 413895K [0x00000000c0000000, 0x00000000d9480000, 0x00000000eab00000)
  object space 414208K, 99% used [0x00000000c0000000,0x00000000d9431d30,0x00000000d9480000)
 Metaspace       used 64070K, committed 65472K, reserved 1114112K
  class space    used 6858K, committed 7424K, reserved 1048576K
}
Event: 27.487 GC heap after
{Heap after GC invocations=258 (full 3):
 PSYoungGen      total 9216K, used 2759K [0x00000000eab00000, 0x00000000eb700000, 0x0000000100000000)
  eden space 6144K, 0% used [0x00000000eab00000,0x00000000eab00000,0x00000000eb100000)
  from space 3072K, 89% used [0x00000000eb180000,0x00000000eb431c38,0x00000000eb480000)
  to   space 2560K, 0% used [0x00000000eb480000,0x00000000eb480000,0x00000000eb700000)
 ParOldGen       total 415744K, used 415626K [0x00000000c0000000, 0x00000000d9600000, 0x00000000eab00000)
  object space 415744K, 99% used [0x00000000c0000000,0x00000000d95e2838,0x00000000d9600000)
 Metaspace       used 64070K, committed 65472K, reserved 1114112K
  class space    used 6858K, committed 7424K, reserved 1048576K
}
Event: 27.597 GC heap before
{Heap before GC invocations=259 (full 3):
 PSYoungGen      total 9216K, used 8903K [0x00000000eab00000, 0x00000000eb700000, 0x0000000100000000)
  eden space 6144K, 100% used [0x00000000eab00000,0x00000000eb100000,0x00000000eb100000)
  from space 3072K, 89% used [0x00000000eb180000,0x00000000eb431c38,0x00000000eb480000)
  to   space 2560K, 0% used [0x00000000eb480000,0x00000000eb480000,0x00000000eb700000)
 ParOldGen       total 415744K, used 415626K [0x00000000c0000000, 0x00000000d9600000, 0x00000000eab00000)
  object space 415744K, 99% used [0x00000000c0000000,0x00000000d95e2838,0x00000000d9600000)
 Metaspace       used 64263K, committed 65600K, reserved 1114112K
  class space    used 6881K, committed 7424K, reserved 1048576K
}
Event: 27.600 GC heap after
{Heap after GC invocations=259 (full 3):
 PSYoungGen      total 8192K, used 1889K [0x00000000eab00000, 0x00000000eb680000, 0x0000000100000000)
  eden space 6144K, 0% used [0x00000000eab00000,0x00000000eab00000,0x00000000eb100000)
  from space 2048K, 92% used [0x00000000eb480000,0x00000000eb658508,0x00000000eb680000)
  to   space 2560K, 0% used [0x00000000eb180000,0x00000000eb180000,0x00000000eb400000)
 ParOldGen       total 417792K, used 417192K [0x00000000c0000000, 0x00000000d9800000, 0x00000000eab00000)
  object space 417792K, 99% used [0x00000000c0000000,0x00000000d976a260,0x00000000d9800000)
 Metaspace       used 64263K, committed 65600K, reserved 1114112K
  class space    used 6881K, committed 7424K, reserved 1048576K
}
Event: 27.642 GC heap before
{Heap before GC invocations=260 (full 3):
 PSYoungGen      total 8192K, used 6126K [0x00000000eab00000, 0x00000000eb680000, 0x0000000100000000)
  eden space 6144K, 68% used [0x00000000eab00000,0x00000000eaf23618,0x00000000eb100000)
  from space 2048K, 92% used [0x00000000eb480000,0x00000000eb658508,0x00000000eb680000)
  to   space 2560K, 0% used [0x00000000eb180000,0x00000000eb180000,0x00000000eb400000)
 ParOldGen       total 417792K, used 417192K [0x00000000c0000000, 0x00000000d9800000, 0x00000000eab00000)
  object space 417792K, 99% used [0x00000000c0000000,0x00000000d976a260,0x00000000d9800000)
 Metaspace       used 64315K, committed 65728K, reserved 1114112K
  class space    used 6890K, committed 7488K, reserved 1048576K
}
Event: 27.647 GC heap after
{Heap after GC invocations=260 (full 3):
 PSYoungGen      total 8704K, used 2235K [0x00000000eab00000, 0x00000000eb600000, 0x0000000100000000)
  eden space 6144K, 0% used [0x00000000eab00000,0x00000000eab00000,0x00000000eb100000)
  from space 2560K, 87% used [0x00000000eb180000,0x00000000eb3aec20,0x00000000eb400000)
  to   space 2048K, 0% used [0x00000000eb400000,0x00000000eb400000,0x00000000eb600000)
 ParOldGen       total 420864K, used 420187K [0x00000000c0000000, 0x00000000d9b00000, 0x00000000eab00000)
  object space 420864K, 99% used [0x00000000c0000000,0x00000000d9a56ee8,0x00000000d9b00000)
 Metaspace       used 64315K, committed 65728K, reserved 1114112K
  class space    used 6890K, committed 7488K, reserved 1048576K
}
Event: 27.657 GC heap before
{Heap before GC invocations=261 (full 3):
 PSYoungGen      total 8704K, used 8379K [0x00000000eab00000, 0x00000000eb600000, 0x0000000100000000)
  eden space 6144K, 100% used [0x00000000eab00000,0x00000000eb100000,0x00000000eb100000)
  from space 2560K, 87% used [0x00000000eb180000,0x00000000eb3aec20,0x00000000eb400000)
  to   space 2048K, 0% used [0x00000000eb400000,0x00000000eb400000,0x00000000eb600000)
 ParOldGen       total 420864K, used 420188K [0x00000000c0000000, 0x00000000d9b00000, 0x00000000eab00000)
  object space 420864K, 99% used [0x00000000c0000000,0x00000000d9a57210,0x00000000d9b00000)
 Metaspace       used 64320K, committed 65728K, reserved 1114112K
  class space    used 6890K, committed 7488K, reserved 1048576K
}
Event: 27.660 GC heap after
{Heap after GC invocations=261 (full 3):
 PSYoungGen      total 6656K, used 336K [0x00000000eab00000, 0x00000000eb480000, 0x0000000100000000)
  eden space 6144K, 0% used [0x00000000eab00000,0x00000000eab00000,0x00000000eb100000)
  from space 512K, 65% used [0x00000000eb400000,0x00000000eb454010,0x00000000eb480000)
  to   space 1536K, 0% used [0x00000000eb180000,0x00000000eb180000,0x00000000eb300000)
 ParOldGen       total 424960K, used 424106K [0x00000000c0000000, 0x00000000d9f00000, 0x00000000eab00000)
  object space 424960K, 99% used [0x00000000c0000000,0x00000000d9e2aa20,0x00000000d9f00000)
 Metaspace       used 64320K, committed 65728K, reserved 1114112K
  class space    used 6890K, committed 7488K, reserved 1048576K
}

Dll operation events (14 events):
Event: 0.015 Loaded shared library c:\Users\MSI\.vscode\extensions\redhat.java-1.40.0-win32-x64\jre\21.0.6-win32-x86_64\bin\java.dll
Event: 0.103 Loaded shared library c:\Users\MSI\.vscode\extensions\redhat.java-1.40.0-win32-x64\jre\21.0.6-win32-x86_64\bin\zip.dll
Event: 0.135 Loaded shared library C:\Users\MSI\.vscode\extensions\redhat.java-1.40.0-win32-x64\jre\21.0.6-win32-x86_64\bin\instrument.dll
Event: 0.141 Loaded shared library C:\Users\MSI\.vscode\extensions\redhat.java-1.40.0-win32-x64\jre\21.0.6-win32-x86_64\bin\net.dll
Event: 0.145 Loaded shared library C:\Users\MSI\.vscode\extensions\redhat.java-1.40.0-win32-x64\jre\21.0.6-win32-x86_64\bin\nio.dll
Event: 0.150 Loaded shared library C:\Users\MSI\.vscode\extensions\redhat.java-1.40.0-win32-x64\jre\21.0.6-win32-x86_64\bin\zip.dll
Event: 0.178 Loaded shared library C:\Users\MSI\.vscode\extensions\redhat.java-1.40.0-win32-x64\jre\21.0.6-win32-x86_64\bin\jimage.dll
Event: 0.286 Loaded shared library c:\Users\MSI\.vscode\extensions\redhat.java-1.40.0-win32-x64\jre\21.0.6-win32-x86_64\bin\verify.dll
Event: 2.394 Loaded shared library C:\Users\MSI\AppData\Roaming\Code\User\globalStorage\redhat.java\1.40.0\config_win\org.eclipse.equinox.launcher\org.eclipse.equinox.launcher.win32.win32.x86_64_1.2.1200.v20250212-0927\eclipse_11909.dll
Event: 4.372 Loaded shared library C:\Users\MSI\.vscode\extensions\redhat.java-1.40.0-win32-x64\jre\21.0.6-win32-x86_64\bin\management.dll
Event: 4.380 Loaded shared library C:\Users\MSI\.vscode\extensions\redhat.java-1.40.0-win32-x64\jre\21.0.6-win32-x86_64\bin\management_ext.dll
Event: 7.477 Loaded shared library C:\Users\MSI\AppData\Local\Temp\jna-76643\jna16450448309071144809.dll
Event: 8.984 Loaded shared library C:\Users\MSI\.vscode\extensions\redhat.java-1.40.0-win32-x64\jre\21.0.6-win32-x86_64\bin\sunmscapi.dll
Event: 9.186 Loaded shared library C:\Users\MSI\.vscode\extensions\redhat.java-1.40.0-win32-x64\jre\21.0.6-win32-x86_64\bin\extnet.dll

Deoptimization events (20 events):
Event: 27.698 Thread 0x0000028e8c3e36f0 Uncommon trap: trap_request=0xffffff6e fr.pc=0x0000028e3693ba98 relative=0x0000000000000178
Event: 27.698 Thread 0x0000028e8c3e36f0 Uncommon trap: reason=loop_limit_check action=maybe_recompile pc=0x0000028e3693ba98 method=java.lang.StringLatin1.lastIndexOf([BII)I @ 19 c2
Event: 27.698 Thread 0x0000028e8c3e36f0 DEOPT PACKING pc=0x0000028e3693ba98 sp=0x000000c45c9fe4c0
Event: 27.698 Thread 0x0000028e8c3e36f0 DEOPT UNPACKING pc=0x0000028e362f3aa2 sp=0x000000c45c9fe378 mode 2
Event: 27.724 Thread 0x0000028e8c3e5130 DEOPT PACKING pc=0x0000028e2f4e3348 sp=0x000000c45c4fc230
Event: 27.724 Thread 0x0000028e8c3e5130 DEOPT UNPACKING pc=0x0000028e362f4242 sp=0x000000c45c4fb7d8 mode 0
Event: 27.725 Thread 0x0000028e8c3e36f0 DEOPT PACKING pc=0x0000028e2edff9c8 sp=0x000000c45c9fe130
Event: 27.725 Thread 0x0000028e8c3e36f0 DEOPT UNPACKING pc=0x0000028e362f4242 sp=0x000000c45c9fd638 mode 3
Event: 27.726 Thread 0x0000028e8c3e36f0 Uncommon trap: trap_request=0xffffff45 fr.pc=0x0000028e36bc9de8 relative=0x0000000000000be8
Event: 27.726 Thread 0x0000028e8c3e36f0 Uncommon trap: reason=unstable_if action=reinterpret pc=0x0000028e36bc9de8 method=java.util.concurrent.ConcurrentHashMap.putVal(Ljava/lang/Object;Ljava/lang/Object;Z)Ljava/lang/Object; @ 245 c2
Event: 27.727 Thread 0x0000028e8c3e36f0 DEOPT PACKING pc=0x0000028e36bc9de8 sp=0x000000c45c9fe330
Event: 27.727 Thread 0x0000028e8c3e36f0 DEOPT UNPACKING pc=0x0000028e362f3aa2 sp=0x000000c45c9fe2c8 mode 2
Event: 27.769 Thread 0x0000028e8c3e5130 Uncommon trap: trap_request=0xffffff45 fr.pc=0x0000028e36d7b138 relative=0x0000000000000358
Event: 27.769 Thread 0x0000028e8c3e5130 Uncommon trap: reason=unstable_if action=reinterpret pc=0x0000028e36d7b138 method=org.eclipse.jdt.internal.core.util.Util.indexOfJavaLikeExtension(Ljava/lang/String;)I @ 46 c2
Event: 27.770 Thread 0x0000028e8c3e5130 DEOPT PACKING pc=0x0000028e36d7b138 sp=0x000000c45c4fe620
Event: 27.770 Thread 0x0000028e8c3e5130 DEOPT UNPACKING pc=0x0000028e362f3aa2 sp=0x000000c45c4fe5a8 mode 2
Event: 27.812 Thread 0x0000028e8c3e3060 Uncommon trap: trap_request=0xffffff45 fr.pc=0x0000028e36df45d4 relative=0x0000000000000ad4
Event: 27.812 Thread 0x0000028e8c3e3060 Uncommon trap: reason=unstable_if action=reinterpret pc=0x0000028e36df45d4 method=org.eclipse.jdt.core.Signature.appendTypeSignature([CIZLjava/lang/StringBuilder;Z)I @ 197 c2
Event: 27.812 Thread 0x0000028e8c3e3060 DEOPT PACKING pc=0x0000028e36df45d4 sp=0x000000c45a8fe0d0
Event: 27.812 Thread 0x0000028e8c3e3060 DEOPT UNPACKING pc=0x0000028e362f3aa2 sp=0x000000c45a8fe088 mode 2

Classes loaded (20 events):
Event: 18.355 Loading class java/util/stream/ReduceOps$5
Event: 18.355 Loading class java/util/stream/ReduceOps$5 done
Event: 18.356 Loading class java/util/stream/ReduceOps$CountingSink$OfRef
Event: 18.356 Loading class java/util/stream/ReduceOps$CountingSink
Event: 18.357 Loading class java/util/stream/ReduceOps$CountingSink done
Event: 18.357 Loading class java/util/stream/ReduceOps$CountingSink$OfRef done
Event: 18.437 Loading class java/util/stream/ReduceOps$1
Event: 18.437 Loading class java/util/stream/ReduceOps$1 done
Event: 18.437 Loading class java/util/stream/ReduceOps$1ReducingSink
Event: 18.438 Loading class java/util/stream/ReduceOps$1ReducingSink done
Event: 27.458 Loading class jdk/internal/event/SecurityPropertyModificationEvent
Event: 27.459 Loading class jdk/internal/event/SecurityPropertyModificationEvent done
Event: 27.630 Loading class java/util/zip/CheckedInputStream
Event: 27.631 Loading class java/util/zip/CheckedInputStream done
Event: 27.747 Loading class java/util/zip/GZIPInputStream$1
Event: 27.748 Loading class java/util/zip/GZIPInputStream$1 done
Event: 27.773 Loading class java/util/LinkedList$LLSpliterator
Event: 27.773 Loading class java/util/LinkedList$LLSpliterator done
Event: 27.811 Loading class javax/xml/transform/TransformerConfigurationException
Event: 27.811 Loading class javax/xml/transform/TransformerConfigurationException done

Classes unloaded (8 events):
Event: 5.677 Thread 0x0000028e29f82610 Unloading class 0x0000028e4219d400 'java/lang/invoke/LambdaForm$MH+0x0000028e4219d400'
Event: 5.677 Thread 0x0000028e29f82610 Unloading class 0x0000028e4219d000 'java/lang/invoke/LambdaForm$MH+0x0000028e4219d000'
Event: 5.677 Thread 0x0000028e29f82610 Unloading class 0x0000028e4219cc00 'java/lang/invoke/LambdaForm$MH+0x0000028e4219cc00'
Event: 5.677 Thread 0x0000028e29f82610 Unloading class 0x0000028e4219c800 'java/lang/invoke/LambdaForm$MH+0x0000028e4219c800'
Event: 5.677 Thread 0x0000028e29f82610 Unloading class 0x0000028e4219c400 'java/lang/invoke/LambdaForm$BMH+0x0000028e4219c400'
Event: 5.677 Thread 0x0000028e29f82610 Unloading class 0x0000028e4219c000 'java/lang/invoke/LambdaForm$DMH+0x0000028e4219c000'
Event: 5.677 Thread 0x0000028e29f82610 Unloading class 0x0000028e4219ac00 'java/lang/invoke/LambdaForm$DMH+0x0000028e4219ac00'
Event: 16.396 Thread 0x0000028e29f82610 Unloading class 0x0000028e425b8800 'java/lang/invoke/LambdaForm$DMH+0x0000028e425b8800'

Classes redefined (0 events):
No events

Internal exceptions (20 events):
Event: 27.281 Thread 0x0000028e88c34a00 Exception <a 'sun/nio/fs/WindowsException'{0x00000000eabf3108}> (0x00000000eabf3108) 
thrown [s\src\hotspot\share\prims\jni.cpp, line 520]
Event: 27.438 Thread 0x0000028e88c34a00 Exception <a 'sun/nio/fs/WindowsException'{0x00000000eab07b68}> (0x00000000eab07b68) 
thrown [s\src\hotspot\share\prims\jni.cpp, line 520]
Event: 27.454 Thread 0x0000028e8c44fdd0 Exception <a 'java/lang/IncompatibleClassChangeError'{0x00000000ead8ff18}: Found class java.lang.Object, but interface was expected> (0x00000000ead8ff18) 
thrown [s\src\hotspot\share\interpreter\linkResolver.cpp, line 840]
Event: 27.557 Thread 0x0000028e8c44fdd0 Exception <a 'java/lang/IncompatibleClassChangeError'{0x00000000eb0588c0}: Found class java.lang.Object, but interface was expected> (0x00000000eb0588c0) 
thrown [s\src\hotspot\share\interpreter\linkResolver.cpp, line 840]
Event: 27.571 Thread 0x0000028e8c44fdd0 Exception <a 'java/lang/IncompatibleClassChangeError'{0x00000000eb0a3590}: Found class java.lang.Object, but interface was expected> (0x00000000eb0a3590) 
thrown [s\src\hotspot\share\interpreter\linkResolver.cpp, line 840]
Event: 27.571 Thread 0x0000028e8c44fdd0 Exception <a 'java/lang/IncompatibleClassChangeError'{0x00000000eb0a72b0}: Found class java.lang.Object, but interface was expected> (0x00000000eb0a72b0) 
thrown [s\src\hotspot\share\interpreter\linkResolver.cpp, line 840]
Event: 27.683 Thread 0x0000028e8c44fdd0 Exception <a 'java/lang/IncompatibleClassChangeError'{0x00000000eac74398}: Found class java.lang.Object, but interface was expected> (0x00000000eac74398) 
thrown [s\src\hotspot\share\interpreter\linkResolver.cpp, line 840]
Event: 27.702 Thread 0x0000028e8c3e7f20 Exception <a 'java/lang/ArrayIndexOutOfBoundsException'{0x00000000ead6a770}> (0x00000000ead6a770) 
thrown [s\src\hotspot\share\runtime\sharedRuntime.cpp, line 625]
Event: 27.704 Thread 0x0000028e8c3e57c0 Exception <a 'java/lang/NoSuchMethodError'{0x00000000eadd90d0}: 'java.lang.Object java.lang.invoke.DirectMethodHandle$Holder.newInvokeSpecial(java.lang.Object, java.lang.Object, java.lang.Object, java.lang.Object, int)'> (0x00000000eadd90d0) 
thrown [s\src\hotspot\share\interpreter\linkResolver.cpp, line 773]
Event: 27.705 Thread 0x0000028e8c3e36f0 Exception <a 'sun/nio/fs/WindowsException'{0x00000000eaddddc8}> (0x00000000eaddddc8) 
thrown [s\src\hotspot\share\prims\jni.cpp, line 520]
Event: 27.705 Thread 0x0000028e8c3e3060 Exception <a 'java/lang/NoSuchMethodError'{0x00000000eadc6a80}: 'java.lang.Object java.lang.invoke.DirectMethodHandle$Holder.newInvokeSpecial(java.lang.Object, java.lang.Object, java.lang.Object, java.lang.Object, int)'> (0x00000000eadc6a80) 
thrown [s\src\hotspot\share\interpreter\linkResolver.cpp, line 773]
Event: 27.705 Thread 0x0000028e8c3e36f0 Exception <a 'sun/nio/fs/WindowsException'{0x00000000eadde788}> (0x00000000eadde788) 
thrown [s\src\hotspot\share\prims\jni.cpp, line 520]
Event: 27.706 Thread 0x0000028e8c3e57c0 Exception <a 'java/lang/NoSuchMethodError'{0x00000000eadebf68}: 'java.lang.Object java.lang.invoke.DirectMethodHandle$Holder.invokeSpecial(java.lang.Object, java.lang.Object, java.lang.Object, java.lang.Object, java.lang.Object, int)'> (0x00000000eadebf68) 
thrown [s\src\hotspot\share\interpreter\linkResolver.cpp, line 773]
Event: 27.706 Thread 0x0000028e8c3e3060 Exception <a 'java/lang/NoSuchMethodError'{0x00000000eaded8f8}: 'java.lang.Object java.lang.invoke.DirectMethodHandle$Holder.invokeSpecial(java.lang.Object, java.lang.Object, java.lang.Object, java.lang.Object, java.lang.Object, int)'> (0x00000000eaded8f8) 
thrown [s\src\hotspot\share\interpreter\linkResolver.cpp, line 773]
Event: 27.707 Thread 0x0000028e8c3e36f0 Exception <a 'sun/nio/fs/WindowsException'{0x00000000eae03518}> (0x00000000eae03518) 
thrown [s\src\hotspot\share\prims\jni.cpp, line 520]
Event: 27.707 Thread 0x0000028e8c3e57c0 Exception <a 'java/lang/NoSuchMethodError'{0x00000000eae01408}: 'java.lang.Object java.lang.invoke.Invokers$Holder.linkToTargetMethod(java.lang.Object, java.lang.Object, java.lang.Object, int, java.lang.Object)'> (0x00000000eae01408) 
thrown [s\src\hotspot\share\interpreter\linkResolver.cpp, line 773]
Event: 27.707 Thread 0x0000028e8c3e36f0 Exception <a 'sun/nio/fs/WindowsException'{0x00000000eae03ed8}> (0x00000000eae03ed8) 
thrown [s\src\hotspot\share\prims\jni.cpp, line 520]
Event: 27.707 Thread 0x0000028e8c3e3060 Exception <a 'java/lang/NoSuchMethodError'{0x00000000eadf0b90}: 'java.lang.Object java.lang.invoke.Invokers$Holder.linkToTargetMethod(java.lang.Object, java.lang.Object, java.lang.Object, int, java.lang.Object)'> (0x00000000eadf0b90) 
thrown [s\src\hotspot\share\interpreter\linkResolver.cpp, line 773]
Event: 27.708 Thread 0x0000028e8c3e36f0 Exception <a 'sun/nio/fs/WindowsException'{0x00000000eae057a8}> (0x00000000eae057a8) 
thrown [s\src\hotspot\share\prims\jni.cpp, line 520]
Event: 27.709 Thread 0x0000028e8c3e36f0 Exception <a 'sun/nio/fs/WindowsException'{0x00000000eae06168}> (0x00000000eae06168) 
thrown [s\src\hotspot\share\prims\jni.cpp, line 520]

ZGC Phase Switch (0 events):
No events

VM Operations (20 events):
Event: 27.386 Executing VM operation: ParallelGCFailedAllocation (Allocation Failure) done
Event: 27.427 Executing VM operation: HandshakeAllThreads (Deoptimize)
Event: 27.427 Executing VM operation: HandshakeAllThreads (Deoptimize) done
Event: 27.430 Executing VM operation: HandshakeAllThreads (Deoptimize)
Event: 27.430 Executing VM operation: HandshakeAllThreads (Deoptimize) done
Event: 27.432 Executing VM operation: ParallelGCFailedAllocation (Allocation Failure)
Event: 27.435 Executing VM operation: ParallelGCFailedAllocation (Allocation Failure) done
Event: 27.482 Executing VM operation: ParallelGCFailedAllocation (Allocation Failure)
Event: 27.487 Executing VM operation: ParallelGCFailedAllocation (Allocation Failure) done
Event: 27.597 Executing VM operation: ParallelGCFailedAllocation (Allocation Failure)
Event: 27.600 Executing VM operation: ParallelGCFailedAllocation (Allocation Failure) done
Event: 27.641 Executing VM operation: ParallelGCFailedAllocation (Allocation Failure)
Event: 27.647 Executing VM operation: ParallelGCFailedAllocation (Allocation Failure) done
Event: 27.656 Executing VM operation: ParallelGCFailedAllocation (Allocation Failure)
Event: 27.656 Executing VM operation: ParallelGCFailedAllocation (Allocation Failure) done
Event: 27.656 Executing VM operation: ParallelGCSystemGC (GCLocker Initiated GC)
Event: 27.660 Executing VM operation: ParallelGCSystemGC (GCLocker Initiated GC) done
Event: 27.724 Executing VM operation: HandshakeAllThreads (Deoptimize)
Event: 27.724 Executing VM operation: HandshakeAllThreads (Deoptimize) done
Event: 28.724 Executing VM operation: Cleanup

Memory protections (0 events):
No events

Nmethod flushes (20 events):
Event: 16.420 Thread 0x0000028e29f82610 flushing  nmethod 0x0000028e2f603490
Event: 16.420 Thread 0x0000028e29f82610 flushing  nmethod 0x0000028e2f605a10
Event: 16.420 Thread 0x0000028e29f82610 flushing  nmethod 0x0000028e2f605e90
Event: 16.420 Thread 0x0000028e29f82610 flushing  nmethod 0x0000028e2f608b10
Event: 16.420 Thread 0x0000028e29f82610 flushing  nmethod 0x0000028e2f608f90
Event: 16.420 Thread 0x0000028e29f82610 flushing  nmethod 0x0000028e2f609590
Event: 16.420 Thread 0x0000028e29f82610 flushing  nmethod 0x0000028e2f609990
Event: 16.420 Thread 0x0000028e29f82610 flushing  nmethod 0x0000028e2f629810
Event: 16.420 Thread 0x0000028e29f82610 flushing  nmethod 0x0000028e2f64cd10
Event: 16.420 Thread 0x0000028e29f82610 flushing  nmethod 0x0000028e2f650d90
Event: 16.420 Thread 0x0000028e29f82610 flushing  nmethod 0x0000028e2f655b90
Event: 16.420 Thread 0x0000028e29f82610 flushing  nmethod 0x0000028e2f658690
Event: 16.420 Thread 0x0000028e29f82610 flushing  nmethod 0x0000028e2f659c10
Event: 16.420 Thread 0x0000028e29f82610 flushing  nmethod 0x0000028e2f66af10
Event: 16.420 Thread 0x0000028e29f82610 flushing  nmethod 0x0000028e2f66bd90
Event: 16.420 Thread 0x0000028e29f82610 flushing  nmethod 0x0000028e2f670110
Event: 16.420 Thread 0x0000028e29f82610 flushing  nmethod 0x0000028e2f670510
Event: 16.420 Thread 0x0000028e29f82610 flushing  nmethod 0x0000028e2f671810
Event: 16.420 Thread 0x0000028e29f82610 flushing  nmethod 0x0000028e2f689610
Event: 16.420 Thread 0x0000028e29f82610 flushing  nmethod 0x0000028e2f697990

Events (20 events):
Event: 22.010 Thread 0x0000028e8a132de0 Thread exited: 0x0000028e8a132de0
Event: 22.362 Thread 0x0000028e890e8210 Thread exited: 0x0000028e890e8210
Event: 23.369 Thread 0x0000028e2babe740 Thread added: 0x0000028e8a132710
Event: 23.369 Thread 0x0000028e2babe740 Thread added: 0x0000028e8a131970
Event: 23.575 Thread 0x0000028e8a131970 Thread exited: 0x0000028e8a131970
Event: 23.646 Thread 0x0000028e8a132710 Thread exited: 0x0000028e8a132710
Event: 23.908 Thread 0x0000028e2babd8c0 Thread added: 0x0000028e8a130bd0
Event: 24.553 Thread 0x0000028e8a130bd0 Thread exited: 0x0000028e8a130bd0
Event: 26.767 Thread 0x0000028e2babe740 Thread added: 0x0000028e8a131970
Event: 26.940 Thread 0x0000028e8a131970 Thread exited: 0x0000028e8a131970
Event: 27.308 Thread 0x0000028e2babe740 Thread added: 0x0000028e8a130bd0
Event: 27.308 Thread 0x0000028e2babe740 Thread added: 0x0000028e8a131970
Event: 27.440 Thread 0x0000028e8c3e57c0 Thread added: 0x0000028e8c3e3060
Event: 27.441 Thread 0x0000028e88c33650 Thread added: 0x0000028e8c3e6b70
Event: 27.441 Thread 0x0000028e8c3e3060 Thread added: 0x0000028e8c3e36f0
Event: 27.441 Thread 0x0000028e8c3e6b70 Thread added: 0x0000028e8c3e7f20
Event: 27.442 Thread 0x0000028e8c3e7f20 Thread added: 0x0000028e8c3e85b0
Event: 27.443 Thread 0x0000028e8c3e85b0 Thread added: 0x0000028e8c3e8c40
Event: 27.450 Thread 0x0000028e8c44fdd0 Thread added: 0x0000028e8c3e7200
Event: 27.481 Thread 0x0000028e8c3e36f0 Thread added: 0x0000028e8c3e7890


Dynamic libraries:
0x00007ff6d3bf0000 - 0x00007ff6d3bfe000 	c:\Users\MSI\.vscode\extensions\redhat.java-1.40.0-win32-x64\jre\21.0.6-win32-x86_64\bin\java.exe
0x00007fff531e0000 - 0x00007fff53443000 	C:\WINDOWS\SYSTEM32\ntdll.dll
0x00007fff51290000 - 0x00007fff51357000 	C:\WINDOWS\System32\KERNEL32.DLL
0x00007fff50520000 - 0x00007fff508e9000 	C:\WINDOWS\System32\KERNELBASE.dll
0x00007fff50eb0000 - 0x00007fff50ffc000 	C:\WINDOWS\System32\ucrtbase.dll
0x00007fff37c60000 - 0x00007fff37c78000 	c:\Users\MSI\.vscode\extensions\redhat.java-1.40.0-win32-x64\jre\21.0.6-win32-x86_64\bin\jli.dll
0x00007fff37830000 - 0x00007fff3784e000 	c:\Users\MSI\.vscode\extensions\redhat.java-1.40.0-win32-x64\jre\21.0.6-win32-x86_64\bin\VCRUNTIME140.dll
0x00007fff52400000 - 0x00007fff525ca000 	C:\WINDOWS\System32\USER32.dll
0x00007fff1b370000 - 0x00007fff1b600000 	C:\WINDOWS\WinSxS\amd64_microsoft.windows.common-controls_6595b64144ccf1df_6.0.26100.3323_none_3e088096e3344490\COMCTL32.dll
0x00007fff50d10000 - 0x00007fff50d37000 	C:\WINDOWS\System32\win32u.dll
0x00007fff520f0000 - 0x00007fff52199000 	C:\WINDOWS\System32\msvcrt.dll
0x00007fff511e0000 - 0x00007fff5120a000 	C:\WINDOWS\System32\GDI32.dll
0x00007fff50a70000 - 0x00007fff50ba1000 	C:\WINDOWS\System32\gdi32full.dll
0x00007fff503e0000 - 0x00007fff50483000 	C:\WINDOWS\System32\msvcp_win.dll
0x00007fff511a0000 - 0x00007fff511cf000 	C:\WINDOWS\System32\IMM32.DLL
0x00007fff3b790000 - 0x00007fff3b79c000 	c:\Users\MSI\.vscode\extensions\redhat.java-1.40.0-win32-x64\jre\21.0.6-win32-x86_64\bin\vcruntime140_1.dll
0x00007ffeeff50000 - 0x00007ffeeffdd000 	c:\Users\MSI\.vscode\extensions\redhat.java-1.40.0-win32-x64\jre\21.0.6-win32-x86_64\bin\msvcp140.dll
0x00007ffeeda10000 - 0x00007ffeee7a0000 	c:\Users\MSI\.vscode\extensions\redhat.java-1.40.0-win32-x64\jre\21.0.6-win32-x86_64\bin\server\jvm.dll
0x00007fff51360000 - 0x00007fff51412000 	C:\WINDOWS\System32\ADVAPI32.dll
0x00007fff510f0000 - 0x00007fff51196000 	C:\WINDOWS\System32\sechost.dll
0x00007fff51540000 - 0x00007fff51656000 	C:\WINDOWS\System32\RPCRT4.dll
0x00007fff51210000 - 0x00007fff51284000 	C:\WINDOWS\System32\WS2_32.dll
0x00007fff50270000 - 0x00007fff502be000 	C:\WINDOWS\SYSTEM32\POWRPROF.dll
0x00007fff49320000 - 0x00007fff49356000 	C:\WINDOWS\SYSTEM32\WINMM.dll
0x00007fff3d6d0000 - 0x00007fff3d6db000 	C:\WINDOWS\SYSTEM32\VERSION.dll
0x00007fff50250000 - 0x00007fff50264000 	C:\WINDOWS\SYSTEM32\UMPDC.dll
0x00007fff4f1c0000 - 0x00007fff4f1da000 	C:\WINDOWS\SYSTEM32\kernel.appcore.dll
0x00007fff37b70000 - 0x00007fff37b7a000 	c:\Users\MSI\.vscode\extensions\redhat.java-1.40.0-win32-x64\jre\21.0.6-win32-x86_64\bin\jimage.dll
0x00007fff4db10000 - 0x00007fff4dd51000 	C:\WINDOWS\SYSTEM32\DBGHELP.DLL
0x00007fff518d0000 - 0x00007fff51c52000 	C:\WINDOWS\System32\combase.dll
0x00007fff51010000 - 0x00007fff510e6000 	C:\WINDOWS\System32\OLEAUT32.dll
0x00007fff3cfc0000 - 0x00007fff3cff9000 	C:\WINDOWS\SYSTEM32\dbgcore.DLL
0x00007fff50bb0000 - 0x00007fff50c49000 	C:\WINDOWS\System32\bcryptPrimitives.dll
0x00007fff37410000 - 0x00007fff3741f000 	c:\Users\MSI\.vscode\extensions\redhat.java-1.40.0-win32-x64\jre\21.0.6-win32-x86_64\bin\instrument.dll
0x00007fff262a0000 - 0x00007fff262bf000 	c:\Users\MSI\.vscode\extensions\redhat.java-1.40.0-win32-x64\jre\21.0.6-win32-x86_64\bin\java.dll
0x00007fff525f0000 - 0x00007fff52d05000 	C:\WINDOWS\System32\SHELL32.dll
0x00007fff50d40000 - 0x00007fff50ea8000 	C:\WINDOWS\System32\wintypes.dll
0x00007fff4e080000 - 0x00007fff4e8c5000 	C:\WINDOWS\SYSTEM32\windows.storage.dll
0x00007fff51ea0000 - 0x00007fff51f8b000 	C:\WINDOWS\System32\SHCORE.dll
0x00007fff514d0000 - 0x00007fff5152d000 	C:\WINDOWS\System32\shlwapi.dll
0x00007fff502f0000 - 0x00007fff5031f000 	C:\WINDOWS\SYSTEM32\profapi.dll
0x00007fff25d00000 - 0x00007fff25d18000 	c:\Users\MSI\.vscode\extensions\redhat.java-1.40.0-win32-x64\jre\21.0.6-win32-x86_64\bin\zip.dll
0x00007fff37420000 - 0x00007fff37430000 	C:\Users\MSI\.vscode\extensions\redhat.java-1.40.0-win32-x64\jre\21.0.6-win32-x86_64\bin\net.dll
0x00007fff4a290000 - 0x00007fff4a3ae000 	C:\WINDOWS\SYSTEM32\WINHTTP.dll
0x00007fff4f6c0000 - 0x00007fff4f72a000 	C:\WINDOWS\system32\mswsock.dll
0x00007fff19130000 - 0x00007fff19146000 	C:\Users\MSI\.vscode\extensions\redhat.java-1.40.0-win32-x64\jre\21.0.6-win32-x86_64\bin\nio.dll
0x00007fff33820000 - 0x00007fff33830000 	c:\Users\MSI\.vscode\extensions\redhat.java-1.40.0-win32-x64\jre\21.0.6-win32-x86_64\bin\verify.dll
0x00007fff070b0000 - 0x00007fff070f5000 	C:\Users\MSI\AppData\Roaming\Code\User\globalStorage\redhat.java\1.40.0\config_win\org.eclipse.equinox.launcher\org.eclipse.equinox.launcher.win32.win32.x86_64_1.2.1200.v20250212-0927\eclipse_11909.dll
0x00007fff516e0000 - 0x00007fff51875000 	C:\WINDOWS\System32\ole32.dll
0x00007fff31de0000 - 0x00007fff31dea000 	C:\Users\MSI\.vscode\extensions\redhat.java-1.40.0-win32-x64\jre\21.0.6-win32-x86_64\bin\management.dll
0x00007fff31250000 - 0x00007fff3125b000 	C:\Users\MSI\.vscode\extensions\redhat.java-1.40.0-win32-x64\jre\21.0.6-win32-x86_64\bin\management_ext.dll
0x00007fff525e0000 - 0x00007fff525e8000 	C:\WINDOWS\System32\PSAPI.DLL
0x00007fff4fa70000 - 0x00007fff4fa8c000 	C:\WINDOWS\SYSTEM32\CRYPTSP.dll
0x00007fff4f120000 - 0x00007fff4f15a000 	C:\WINDOWS\system32\rsaenh.dll
0x00007fff4f760000 - 0x00007fff4f78b000 	C:\WINDOWS\SYSTEM32\USERENV.dll
0x00007fff4fc00000 - 0x00007fff4fc26000 	C:\WINDOWS\SYSTEM32\bcrypt.dll
0x00007fff4f8f0000 - 0x00007fff4f8fc000 	C:\WINDOWS\SYSTEM32\CRYPTBASE.dll
0x00007fff4ebe0000 - 0x00007fff4ec13000 	C:\WINDOWS\SYSTEM32\IPHLPAPI.DLL
0x00007fff525d0000 - 0x00007fff525da000 	C:\WINDOWS\System32\NSI.dll
0x00007fff0ccb0000 - 0x00007fff0ccf9000 	C:\Users\MSI\AppData\Local\Temp\jna-76643\jna16450448309071144809.dll
0x00007fff4a410000 - 0x00007fff4a42f000 	C:\WINDOWS\SYSTEM32\dhcpcsvc6.DLL
0x00007fff4a3c0000 - 0x00007fff4a3e5000 	C:\WINDOWS\SYSTEM32\dhcpcsvc.DLL
0x00007fff2b790000 - 0x00007fff2b79e000 	C:\Users\MSI\.vscode\extensions\redhat.java-1.40.0-win32-x64\jre\21.0.6-win32-x86_64\bin\sunmscapi.dll
0x00007fff508f0000 - 0x00007fff50a67000 	C:\WINDOWS\System32\CRYPT32.dll
0x00007fff4fbc0000 - 0x00007fff4fbf0000 	C:\WINDOWS\SYSTEM32\ncrypt.dll
0x00007fff4fb70000 - 0x00007fff4fbaf000 	C:\WINDOWS\SYSTEM32\NTASN1.dll
0x00007fff4ec70000 - 0x00007fff4ed95000 	C:\WINDOWS\SYSTEM32\DNSAPI.dll
0x00007fff46f40000 - 0x00007fff46f4b000 	C:\Windows\System32\rasadhlp.dll
0x00007fff4a6b0000 - 0x00007fff4a735000 	C:\WINDOWS\System32\fwpuclnt.dll
0x00007fff24ac0000 - 0x00007fff24ac9000 	C:\Users\MSI\.vscode\extensions\redhat.java-1.40.0-win32-x64\jre\21.0.6-win32-x86_64\bin\extnet.dll

dbghelp: loaded successfully - version: 4.0.5 - missing functions: none
symbol engine: initialized successfully - sym options: 0x614 - pdb path: .;c:\Users\MSI\.vscode\extensions\redhat.java-1.40.0-win32-x64\jre\21.0.6-win32-x86_64\bin;C:\WINDOWS\SYSTEM32;C:\WINDOWS\WinSxS\amd64_microsoft.windows.common-controls_6595b64144ccf1df_6.0.26100.3323_none_3e088096e3344490;c:\Users\MSI\.vscode\extensions\redhat.java-1.40.0-win32-x64\jre\21.0.6-win32-x86_64\bin\server;C:\Users\MSI\AppData\Roaming\Code\User\globalStorage\redhat.java\1.40.0\config_win\org.eclipse.equinox.launcher\org.eclipse.equinox.launcher.win32.win32.x86_64_1.2.1200.v20250212-0927;C:\Users\MSI\AppData\Local\Temp\jna-76643

VM Arguments:
jvm_args: --add-modules=ALL-SYSTEM --add-opens=java.base/java.util=ALL-UNNAMED --add-opens=java.base/java.lang=ALL-UNNAMED --add-opens=java.base/sun.nio.fs=ALL-UNNAMED -Declipse.application=org.eclipse.jdt.ls.core.id1 -Dosgi.bundles.defaultStartLevel=4 -Declipse.product=org.eclipse.jdt.ls.core.product -Djava.import.generatesMetadataFilesAtProjectRoot=false -DDetectVMInstallationsJob.disabled=true -Dfile.encoding=utf8 -XX:+UseParallelGC -XX:GCTimeRatio=4 -XX:AdaptiveSizePolicyWeight=90 -Dsun.zip.disableMemoryMapping=true -Xmx1G -Xms100m -Xlog:disable -javaagent:c:\Users\MSI\.vscode\extensions\redhat.java-1.40.0-win32-x64\lombok\lombok-1.18.36.jar -XX:+HeapDumpOnOutOfMemoryError -XX:HeapDumpPath=c:\Users\MSI\AppData\Roaming\Code\User\workspaceStorage\07e7583bf82c343ba1527e63cd3b9d64\redhat.java -Daether.dependencyCollector.impl=bf 
java_command: c:\Users\MSI\.vscode\extensions\redhat.java-1.40.0-win32-x64\server\plugins\org.eclipse.equinox.launcher_1.6.1000.v20250131-0606.jar -configuration c:\Users\MSI\AppData\Roaming\Code\User\globalStorage\redhat.java\1.40.0\config_win -data c:\Users\MSI\AppData\Roaming\Code\User\workspaceStorage\07e7583bf82c343ba1527e63cd3b9d64\redhat.java\jdt_ws --pipe=\\.\pipe\lsp-37f02eaf0d500c6ae493efcf1e19abd9-sock
java_class_path (initial): c:\Users\MSI\.vscode\extensions\redhat.java-1.40.0-win32-x64\server\plugins\org.eclipse.equinox.launcher_1.6.1000.v20250131-0606.jar
Launcher Type: SUN_STANDARD

[Global flags]
    uintx AdaptiveSizePolicyWeight                 = 90                                        {product} {command line}
     intx CICompilerCount                          = 4                                         {product} {ergonomic}
    uintx GCTimeRatio                              = 4                                         {product} {command line}
     bool HeapDumpOnOutOfMemoryError               = true                                   {manageable} {command line}
    ccstr HeapDumpPath                             = c:\Users\MSI\AppData\Roaming\Code\User\workspaceStorage\07e7583bf82c343ba1527e63cd3b9d64\redhat.java         {manageable} {command line}
   size_t InitialHeapSize                          = 104857600                                 {product} {command line}
   size_t MaxHeapSize                              = 1073741824                                {product} {command line}
   size_t MaxNewSize                               = 357564416                                 {product} {ergonomic}
   size_t MinHeapDeltaBytes                        = 524288                                    {product} {ergonomic}
   size_t MinHeapSize                              = 104857600                                 {product} {command line}
   size_t NewSize                                  = 34603008                                  {product} {ergonomic}
    uintx NonNMethodCodeHeapSize                   = 5839372                                {pd product} {ergonomic}
    uintx NonProfiledCodeHeapSize                  = 122909434                              {pd product} {ergonomic}
   size_t OldSize                                  = 70254592                                  {product} {ergonomic}
    uintx ProfiledCodeHeapSize                     = 122909434                              {pd product} {ergonomic}
    uintx ReservedCodeCacheSize                    = 251658240                              {pd product} {ergonomic}
     bool SegmentedCodeCache                       = true                                      {product} {ergonomic}
   size_t SoftMaxHeapSize                          = 1073741824                             {manageable} {ergonomic}
     bool UseCompressedOops                        = true                           {product lp64_product} {ergonomic}
     bool UseLargePagesIndividualAllocation        = false                                  {pd product} {ergonomic}
     bool UseParallelGC                            = true                                      {product} {command line}

Logging:
Log output configuration:
 #0: stdout all=off uptime,level,tags foldmultilines=false
 #1: stderr all=off uptime,level,tags foldmultilines=false

Environment Variables:
JAVA_HOME=C:\Program Files\Java\jdk1.7.0_79
PATH=C:\Program Files\Eclipse Adoptium\jdk-21.0.6.7-hotspot\bin;C:\WINDOWS\system32;C:\WINDOWS;C:\WINDOWS\System32\Wbem;C:\WINDOWS\System32\WindowsPowerShell\v1.0\;C:\WINDOWS\System32\OpenSSH\;C:\Program Files\Git\cmd;C:\Program Files\dotnet\;C:\Program Files\nodejs\;C:\ProgramData\chocolatey\bin;C:\Program Files\Microsoft SQL Server\150\Tools\Binn\;C:\Program Files\Microsoft SQL Server\Client SDK\ODBC\170\Tools\Binn\;C:\Program Files (x86)\Microsoft SQL Server\160\Tools\Binn\;C:\Program Files\Microsoft SQL Server\160\Tools\Binn\;C:\Program Files\Microsoft SQL Server\160\DTS\Binn\;C:\Program Files\Devart\EntityDeveloper\Console;C:\Program Files\EntityDeveloper\Console;C:\Program Files (x86)\Microsoft SQL Server\160\DTS\Binn\;C:\Program Files\Java\jdk1.7.0_79\bin;C:\Users\MSI\AppData\Local\Programs\Python\Python312\Scripts\;C:\Users\MSI\AppData\Local\Programs\Python\Python312\;C:\Users\MSI\AppData\Local\Programs\Python\Python313\Scripts\;C:\Users\MSI\AppData\Local\Programs\Python\Python313\;C:\Users\MSI\AppData\Local\Programs\Microsoft VS Code\bin;C:\src\flutter\bin;C:\Users\MSI\AppData\Roaming\npm;C:\Users\MSI\AppData\Local\Pub\Cache\bin;C:\Program Files\Java\jdk1.7.0_79\bin;C:\Users\MSI\AppData\Local\Microsoft\WindowsApps;C:\Users\MSI\.dotnet\tools;C:\Program Files (x86);C:\;C:\Program Files\Devart\EntityDeveloper\Console;C:\Program Files\EntityDeveloper\Console;C:\Program Files\PostgreSQL\17\bin;C:\Program Files\PostgreSQL\15\bin;
USERNAME=MSI
OS=Windows_NT
PROCESSOR_IDENTIFIER=Intel64 Family 6 Model 154 Stepping 4, GenuineIntel
TMP=C:\Users\MSI\AppData\Local\Temp
TEMP=C:\Users\MSI\AppData\Local\Temp




Periodic native trim disabled

---------------  S Y S T E M  ---------------

OS:
 Windows 11 , 64 bit Build 26100 (10.0.26100.3323)
OS uptime: 0 days 12:00 hours
Hyper-V role detected

CPU: total 12 (initial active 12) (6 cores per cpu, 2 threads per core) family 6 model 154 stepping 4 microcode 0x424, cx8, cmov, fxsr, ht, mmx, 3dnowpref, sse, sse2, sse3, ssse3, sse4.1, sse4.2, popcnt, lzcnt, tsc, tscinvbit, avx, avx2, aes, erms, clmul, bmi1, bmi2, adx, sha, fma, vzeroupper, clflush, clflushopt, clwb, hv, serialize, rdtscp, rdpid, fsrm, f16c, cet_ibt, cet_ss
Processor Information for the first 12 processors :
  Max Mhz: 1300, Current Mhz: 1300, Mhz Limit: 1300

Memory: 4k page, system-wide physical 16087M (4275M free)
TotalPageFile size 18135M (AvailPageFile size 22M)
current process WorkingSet (physical memory assigned to process): 798M, peak: 798M
current process commit charge ("private bytes"): 720M, peak: 722M

vm_info: OpenJDK 64-Bit Server VM (21.0.6+7-LTS) for windows-amd64 JRE (21.0.6+7-LTS), built on 2025-01-21T00:00:00Z by "admin" with MS VC++ 17.7 (VS2022)

END.
